<?xml version="1.0" encoding="UTF-8"?>
<!-- Generated by org.testng.reporters.JUnitReportReporter -->
<testsuite hostname="sml-pc-008" name="com.sl.test.TestBundlePacks" tests="1" failures="0" timestamp="18 Mar 2015 14:55:08 GMT" time="21.905" errors="0">
  <testcase name="fillBundlePack" time="21.905" classname="com.sl.test.TestBundlePacks"/>
</testsuite> <!-- com.sl.test.TestBundlePacks -->
