<?xml version="1.0" encoding="UTF-8"?>
<!-- Generated by org.testng.reporters.JUnitReportReporter -->
<testsuite hostname="sml-pc-008" name="com.sl.test.TestBanners" tests="1" failures="0" timestamp="17 Mar 2015 18:31:13 GMT" time="4.933" errors="0">
  <testcase name="saveBannersWithFillForm" time="4.933" classname="com.sl.test.TestBanners"/>
</testsuite> <!-- com.sl.test.TestBanners -->
