<?xml version="1.0" encoding="UTF-8"?>
<!-- Generated by org.testng.reporters.JUnitReportReporter -->
<testsuite hostname="sml-pc-008" name="com.sl.test.TestPromo" tests="1" failures="0" timestamp="19 Mar 2015 14:50:58 GMT" time="7.773" errors="0">
  <testcase name="savePromoWithFillForm" time="7.773" classname="com.sl.test.TestPromo"/>
</testsuite> <!-- com.sl.test.TestPromo -->
