<?xml version="1.0" encoding="UTF-8"?>
<!-- Generated by org.testng.reporters.JUnitReportReporter -->
<testsuite hostname="sml-pc-017" name="com.sl.test.TestKaraoke" tests="10" failures="0" timestamp="20 Mar 2015 08:07:31 GMT" time="421.623" errors="0">
  <testcase name="createAudioPIDWithFillForm" time="30.724" classname="com.sl.test.TestKaraoke"/>
  <testcase name="saveAudioPIDofAssetsOTTWithFillForm" time="49.714" classname="com.sl.test.TestKaraoke"/>
  <testcase name="saveKaraokeWithFillForm" time="54.712" classname="com.sl.test.TestKaraoke"/>
  <testcase name="createAssetsOTTWithFillForm" time="35.380" classname="com.sl.test.TestKaraoke"/>
  <testcase name="saveAudioPIDofAssetsWithFillForm" time="50.766" classname="com.sl.test.TestKaraoke"/>
  <testcase name="createKaraokeWithFillForm" time="44.126" classname="com.sl.test.TestKaraoke"/>
  <testcase name="createAssetsWithFillForm" time="31.698" classname="com.sl.test.TestKaraoke"/>
  <testcase name="saveAssetsWithFillForm" time="50.617" classname="com.sl.test.TestKaraoke"/>
  <testcase name="saveAssetsOTTWithFillForm" time="43.921" classname="com.sl.test.TestKaraoke"/>
  <testcase name="createAudioPIDinAssetsOTTWithFillForm" time="29.965" classname="com.sl.test.TestKaraoke"/>
</testsuite> <!-- com.sl.test.TestKaraoke -->
